<?xml version="1.0" encoding="UTF-8"?>
<robot generator="Robot 4.1.2 (Python 3.9.0 on win32)" generated="20211121 04:26:04.371" rpa="false" schemaversion="2">
<suite id="s1" name="Testi" source="C:\Users\Teea\RobotFramewrk\Tests\Testi.robot">
<kw name="Test Suite Setup" library="Testi" type="SETUP">
<kw name="Open Browser" library="QWeb">
<arg>about:blank</arg>
<arg>${BROWSER}</arg>
<tag>Browser</tag>
<tag>Interaction</tag>
<doc>Open new browser to given url.</doc>
<msg timestamp="20211121 04:26:05.118" level="INFO">
QWeb version number: 1.2.2</msg>
<msg timestamp="20211121 04:26:06.545" level="INFO">Browser: chrome</msg>
<msg timestamp="20211121 04:26:06.545" level="INFO">Browser version: 96.0.4664.45</msg>
<msg timestamp="20211121 04:26:06.546" level="INFO">Chromedriver version: 96.0.4664.45 (76e4c1bb2ab4671b8beba3444e61c0f17584b2fc-refs/branch-heads/4664@{#947})</msg>
<status status="PASS" starttime="20211121 04:26:05.117" endtime="20211121 04:26:06.565"/>
</kw>
<kw name="Set Config" library="QWeb">
<arg>SearchMode</arg>
<arg>draw</arg>
<tag>Config</tag>
<doc>Set configuration parameter to given value. Return previous value.</doc>
<status status="PASS" starttime="20211121 04:26:06.566" endtime="20211121 04:26:06.566"/>
</kw>
<kw name="Set Config" library="QWeb">
<arg>Delay</arg>
<arg>${DELAY}</arg>
<tag>Config</tag>
<doc>Set configuration parameter to given value. Return previous value.</doc>
<status status="PASS" starttime="20211121 04:26:06.566" endtime="20211121 04:26:06.567"/>
</kw>
<status status="PASS" starttime="20211121 04:26:05.116" endtime="20211121 04:26:06.567"/>
</kw>
<test id="s1-t1" name="Swaglabsin etusivu avautuu">
<kw name="Siirrytään swaglabsin etusivulle" library="Testi">
<kw name="Go To" library="QWeb">
<arg>${swaglabs_url}</arg>
<tag>Browser</tag>
<tag>Interaction</tag>
<doc>Switch current page to given url.</doc>
<status status="PASS" starttime="20211121 04:26:06.568" endtime="20211121 04:26:08.073"/>
</kw>
<status status="PASS" starttime="20211121 04:26:06.567" endtime="20211121 04:26:08.074"/>
</kw>
<kw name="Varmistetaan oikea sivu" library="Testi">
<kw name="Verify Text" library="QWeb">
<arg>Accepted usernames</arg>
<tag>Text</tag>
<tag>Verification</tag>
<doc>Verify page contains given text.</doc>
<status status="PASS" starttime="20211121 04:26:08.075" endtime="20211121 04:26:09.140"/>
</kw>
<status status="PASS" starttime="20211121 04:26:08.074" endtime="20211121 04:26:09.140"/>
</kw>
<kw name="Syötetään username" library="Testi">
<kw name="Type Text" library="QWeb">
<arg>username</arg>
<arg>standard_user</arg>
<tag>Input</tag>
<tag>Interaction</tag>
<doc>Type given text to a text field.</doc>
<status status="PASS" starttime="20211121 04:26:09.141" endtime="20211121 04:26:10.256"/>
</kw>
<status status="PASS" starttime="20211121 04:26:09.141" endtime="20211121 04:26:10.256"/>
</kw>
<kw name="Syötetään password" library="Testi">
<kw name="Type Secret" library="QWeb">
<arg>password</arg>
<arg>*****</arg>
<tag>Input</tag>
<tag>Interaction</tag>
<doc>Type secret information such as password.</doc>
<status status="PASS" starttime="20211121 04:26:10.256" endtime="20211121 04:26:11.359"/>
</kw>
<msg timestamp="20211121 04:26:11.359" level="INFO">Log level changed from INFO to INFO.</msg>
<status status="PASS" starttime="20211121 04:26:10.256" endtime="20211121 04:26:11.359"/>
</kw>
<kw name="Klikataan tekstiä Login" library="Testi">
<kw name="Click Text" library="QWeb">
<arg>Login</arg>
<tag>Interaction</tag>
<tag>Text</tag>
<doc>Click text on web page.</doc>
<status status="PASS" starttime="20211121 04:26:11.360" endtime="20211121 04:26:12.465"/>
</kw>
<status status="PASS" starttime="20211121 04:26:11.360" endtime="20211121 04:26:12.465"/>
</kw>
<status status="PASS" starttime="20211121 04:26:06.567" endtime="20211121 04:26:12.465"/>
</test>
<test id="s1-t2" name="Kauppasivu avautuu">
<kw name="Siirrytään kauppasivulle" library="Testi">
<kw name="Go To" library="QWeb">
<arg>${kauppa_url}</arg>
<tag>Browser</tag>
<tag>Interaction</tag>
<doc>Switch current page to given url.</doc>
<status status="PASS" starttime="20211121 04:26:12.468" endtime="20211121 04:26:13.550"/>
</kw>
<status status="PASS" starttime="20211121 04:26:12.467" endtime="20211121 04:26:13.550"/>
</kw>
<kw name="Varmistetaan oikea sivu2" library="Testi">
<kw name="Verify Text" library="QWeb">
<arg>carry.allTheThings()</arg>
<tag>Text</tag>
<tag>Verification</tag>
<doc>Verify page contains given text.</doc>
<status status="PASS" starttime="20211121 04:26:13.551" endtime="20211121 04:26:14.618"/>
</kw>
<status status="PASS" starttime="20211121 04:26:13.551" endtime="20211121 04:26:14.618"/>
</kw>
<kw name="Valitse tuote" library="Testi">
<kw name="Click Text" library="QWeb">
<arg>add to cart</arg>
<arg>3</arg>
<tag>Interaction</tag>
<tag>Text</tag>
<doc>Click text on web page.</doc>
<status status="PASS" starttime="20211121 04:26:14.619" endtime="20211121 04:26:15.671"/>
</kw>
<status status="PASS" starttime="20211121 04:26:14.619" endtime="20211121 04:26:15.671"/>
</kw>
<kw name="Klikataan ostoskoria" library="Testi">
<kw name="Click Item" library="QWeb">
<arg>shopping_cart_link</arg>
<tag>Interaction</tag>
<tag>Item</tag>
<doc>Click item (usually icon or picture) on webpage.</doc>
<status status="PASS" starttime="20211121 04:26:15.672" endtime="20211121 04:26:16.747"/>
</kw>
<status status="PASS" starttime="20211121 04:26:15.672" endtime="20211121 04:26:16.747"/>
</kw>
<status status="PASS" starttime="20211121 04:26:12.466" endtime="20211121 04:26:16.747"/>
</test>
<test id="s1-t3" name="Ostoskori avautuu">
<kw name="Siirrytään ostoskoriin" library="Testi">
<kw name="Go To" library="QWeb">
<arg>${ostoskori_url}</arg>
<tag>Browser</tag>
<tag>Interaction</tag>
<doc>Switch current page to given url.</doc>
<status status="PASS" starttime="20211121 04:26:16.749" endtime="20211121 04:26:17.921"/>
</kw>
<status status="PASS" starttime="20211121 04:26:16.749" endtime="20211121 04:26:17.921"/>
</kw>
<kw name="Klikataan tekstiä Checkout" library="Testi">
<kw name="Click Text" library="QWeb">
<arg>Checkout</arg>
<tag>Interaction</tag>
<tag>Text</tag>
<doc>Click text on web page.</doc>
<status status="PASS" starttime="20211121 04:26:17.922" endtime="20211121 04:26:18.988"/>
</kw>
<status status="PASS" starttime="20211121 04:26:17.922" endtime="20211121 04:26:18.988"/>
</kw>
<status status="PASS" starttime="20211121 04:26:16.748" endtime="20211121 04:26:18.989"/>
</test>
<test id="s1-t4" name="Checkout1 avautuu">
<kw name="Siirrytään checkout1" library="Testi">
<kw name="Go To" library="QWeb">
<arg>${checkout1_url}</arg>
<tag>Browser</tag>
<tag>Interaction</tag>
<doc>Switch current page to given url.</doc>
<status status="PASS" starttime="20211121 04:26:18.990" endtime="20211121 04:26:20.160"/>
</kw>
<status status="PASS" starttime="20211121 04:26:18.990" endtime="20211121 04:26:20.161"/>
</kw>
<kw name="Syötetään firstname" library="Testi">
<kw name="Type Text" library="QWeb">
<arg>firstName</arg>
<arg>Kalle</arg>
<tag>Input</tag>
<tag>Interaction</tag>
<doc>Type given text to a text field.</doc>
<status status="PASS" starttime="20211121 04:26:20.162" endtime="20211121 04:26:21.260"/>
</kw>
<status status="PASS" starttime="20211121 04:26:20.161" endtime="20211121 04:26:21.260"/>
</kw>
<kw name="Syötetään lastname" library="Testi">
<kw name="Type Text" library="QWeb">
<arg>lastName</arg>
<arg>Kippari</arg>
<tag>Input</tag>
<tag>Interaction</tag>
<doc>Type given text to a text field.</doc>
<status status="PASS" starttime="20211121 04:26:21.261" endtime="20211121 04:26:22.348"/>
</kw>
<status status="PASS" starttime="20211121 04:26:21.261" endtime="20211121 04:26:22.348"/>
</kw>
<kw name="Syötetään zipcode" library="Testi">
<kw name="Type Text" library="QWeb">
<arg>postalCode</arg>
<arg>123456</arg>
<tag>Input</tag>
<tag>Interaction</tag>
<doc>Type given text to a text field.</doc>
<status status="PASS" starttime="20211121 04:26:22.349" endtime="20211121 04:26:23.439"/>
</kw>
<status status="PASS" starttime="20211121 04:26:22.349" endtime="20211121 04:26:23.439"/>
</kw>
<kw name="Klikataan tekstiä Continue" library="Testi">
<kw name="Click Text" library="QWeb">
<arg>Continue</arg>
<tag>Interaction</tag>
<tag>Text</tag>
<doc>Click text on web page.</doc>
<status status="PASS" starttime="20211121 04:26:23.440" endtime="20211121 04:26:24.514"/>
</kw>
<status status="PASS" starttime="20211121 04:26:23.439" endtime="20211121 04:26:24.514"/>
</kw>
<status status="PASS" starttime="20211121 04:26:18.990" endtime="20211121 04:26:24.515"/>
</test>
<test id="s1-t5" name="Checkout2 avautuu">
<kw name="Siirrytään checkout2" library="Testi">
<kw name="Go To" library="QWeb">
<arg>${checkout2_url}</arg>
<tag>Browser</tag>
<tag>Interaction</tag>
<doc>Switch current page to given url.</doc>
<status status="PASS" starttime="20211121 04:26:24.517" endtime="20211121 04:26:25.695"/>
</kw>
<status status="PASS" starttime="20211121 04:26:24.517" endtime="20211121 04:26:25.695"/>
</kw>
<kw name="Klikataan tekstiä Finish" library="Testi">
<kw name="Click Text" library="QWeb">
<arg>Finish</arg>
<tag>Interaction</tag>
<tag>Text</tag>
<doc>Click text on web page.</doc>
<status status="PASS" starttime="20211121 04:26:25.696" endtime="20211121 04:26:26.756"/>
</kw>
<status status="PASS" starttime="20211121 04:26:25.696" endtime="20211121 04:26:26.756"/>
</kw>
<status status="PASS" starttime="20211121 04:26:24.516" endtime="20211121 04:26:26.756"/>
</test>
<test id="s1-t6" name="CheckoutComplete avautuu">
<kw name="Siirrytään CheckoutComplete" library="Testi">
<kw name="Go To" library="QWeb">
<arg>${complete_url}</arg>
<tag>Browser</tag>
<tag>Interaction</tag>
<doc>Switch current page to given url.</doc>
<status status="PASS" starttime="20211121 04:26:26.758" endtime="20211121 04:26:27.929"/>
</kw>
<status status="PASS" starttime="20211121 04:26:26.758" endtime="20211121 04:26:27.930"/>
</kw>
<kw name="Varmistetaan oikea sivu3" library="Testi">
<kw name="Verify Text" library="QWeb">
<arg>dispatched</arg>
<tag>Text</tag>
<tag>Verification</tag>
<doc>Verify page contains given text.</doc>
<status status="PASS" starttime="20211121 04:26:27.931" endtime="20211121 04:26:28.992"/>
</kw>
<status status="PASS" starttime="20211121 04:26:27.930" endtime="20211121 04:26:28.992"/>
</kw>
<kw name="Klikataan tekstiä Back Home" library="Testi">
<kw name="Click Text" library="QWeb">
<arg>Back Home</arg>
<tag>Interaction</tag>
<tag>Text</tag>
<doc>Click text on web page.</doc>
<status status="PASS" starttime="20211121 04:26:28.993" endtime="20211121 04:26:30.059"/>
</kw>
<status status="PASS" starttime="20211121 04:26:28.992" endtime="20211121 04:26:30.059"/>
</kw>
<status status="PASS" starttime="20211121 04:26:26.757" endtime="20211121 04:26:30.060"/>
</test>
<kw name="Close All Browsers" library="QWeb" type="TEARDOWN">
<tag>Browser</tag>
<tag>Interaction</tag>
<doc>Close all opened browsers.</doc>
<msg timestamp="20211121 04:26:33.201" level="INFO">${BROWSER_REUSE} = False</msg>
<status status="PASS" starttime="20211121 04:26:30.061" endtime="20211121 04:26:33.201"/>
</kw>
<status status="PASS" starttime="20211121 04:26:04.373" endtime="20211121 04:26:33.201"/>
</suite>
<statistics>
<total>
<stat pass="6" fail="0" skip="0">All Tests</stat>
</total>
<tag>
</tag>
<suite>
<stat pass="6" fail="0" skip="0" id="s1" name="Testi">Testi</stat>
</suite>
</statistics>
<errors>
</errors>
</robot>
